[2019-05-20 09:56:17] START
[2019-05-20 10:10:33] EDIT myapp/controllers/default.py: 0
[2019-05-20 10:10:50] EDIT myapp/controllers/default.py: 0
[2019-05-20 10:11:35] EDIT myapp/views/default/index.html: 0
[2019-05-20 10:12:30] EDIT myapp/controllers/default.py: 0
[2019-05-20 10:12:41] EDIT myapp/controllers/default.py: 0
[2019-05-20 10:12:56] EDIT myapp/controllers/default.py: 0
[2019-05-20 10:13:29] EDIT myapp/views/default/index.html: -1
[2019-05-20 10:17:13] EDIT myapp/views/default/index.html: 1
[2019-05-20 10:18:06] EDIT myapp/views/default/index.html: 3
[2019-05-20 10:18:35] EDIT myapp/views/default/index.html: -1
[2019-05-20 10:19:22] EDIT myapp/views/default/index.html: 0
[2019-05-20 10:19:33] EDIT myapp/views/default/index.html: 0
[2019-05-20 10:19:41] EDIT myapp/views/default/index.html: -2
[2019-05-20 10:20:26] EDIT myapp/views/default/index.html: 0
[2019-05-20 10:20:55] EDIT myapp/views/default/index.html: 1
[2019-05-20 10:21:24] EDIT myapp/views/default/index.html: 0
[2019-05-20 10:21:53] EDIT myapp/views/default/index.html: 0
[2019-05-20 10:22:18] EDIT myapp/views/default/index.html: 0
[2019-05-20 10:23:18] EDIT myapp/views/default/index.html: 0
[2019-05-20 10:23:38] EDIT myapp/views/default/index.html: 0
[2019-05-20 10:25:02] EDIT myapp/views/layout.html: 0
[2019-05-20 10:26:17] EDIT myapp/views/layout.html: 0
[2019-05-20 10:26:29] EDIT myapp/views/layout.html: 0
[2019-05-20 10:29:06] EDIT myapp/views/layout.html: 0
[2019-05-20 10:29:14] EDIT myapp/views/layout.html: 0
[2019-05-20 10:29:29] EDIT myapp/views/layout.html: 0
[2019-05-20 10:29:37] EDIT myapp/views/layout.html: 0
[2019-05-20 10:31:18] EDIT myapp/views/layout.html: 0
[2019-05-20 10:31:24] EDIT myapp/views/layout.html: 0
[2019-05-20 10:31:31] EDIT myapp/views/layout.html: 0
[2019-05-20 10:31:58] EDIT myapp/views/layout.html: -2
[2019-05-20 10:32:05] EDIT myapp/views/layout.html: 2
[2019-05-20 10:32:20] EDIT myapp/views/layout.html: -5
[2019-05-20 10:32:37] EDIT myapp/views/layout.html: 5
[2019-05-20 10:33:12] EDIT myapp/views/layout.html: -16
[2019-05-20 10:33:20] EDIT myapp/views/layout.html: 16
[2019-05-20 10:35:01] EDIT myapp/models/menu.py: 0
[2019-05-20 10:35:14] EDIT myapp/models/menu.py: 0
[2019-05-20 10:35:32] EDIT myapp/models/menu.py: -7
[2019-05-20 10:35:46] EDIT myapp/models/menu.py: 7
[2019-05-20 10:37:06] EDIT myapp/models/menu.py: -7
[2019-05-20 10:37:23] EDIT myapp/models/menu.py: -16
[2019-05-20 10:38:32] EDIT myapp/models/menu.py: -37
[2019-05-20 10:40:06] EDIT myapp/views/layout.html: 0
[2019-05-20 10:40:36] EDIT myapp/views/layout.html: 0
[2019-05-20 10:40:51] EDIT myapp/views/layout.html: 0
[2019-05-20 10:41:37] EDIT myapp/models/menu.py: 0
[2019-05-20 10:42:18] EDIT myapp/models/menu.py: 0
[2019-05-20 10:42:23] EDIT myapp/models/menu.py: 0
[2019-05-20 10:44:28] EDIT myapp/views/default/index.html: 4
[2019-05-20 10:45:26] EDIT myapp/views/default/index.html: -3
[2019-05-20 10:45:33] EDIT myapp/views/default/index.html: 0
[2019-05-20 10:46:13] EDIT myapp/views/default/index.html: 0
[2019-05-20 10:48:14] EDIT myapp/models/db.py: 2
[2019-05-20 10:48:54] EDIT myapp/models/db.py: -2
[2019-05-20 11:04:56] EDIT myapp/views/layout.html: 0
[2019-05-20 11:10:23] EDIT myapp/views/default/index.html: 0
[2019-05-20 11:10:53] EDIT myapp/views/default/index.html: 1
[2019-05-20 11:10:54] EDIT myapp/views/default/index.html: 0
[2019-05-20 11:11:32] EDIT myapp/views/default/index.html: -2
[2019-05-20 11:11:49] EDIT myapp/views/default/index.html: -1
[2019-05-20 11:11:57] EDIT myapp/views/default/index.html: 0
[2019-05-20 11:12:32] EDIT myapp/views/default/index.html: 2
[2019-05-20 11:12:55] EDIT myapp/views/default/index.html: 2
[2019-05-20 11:13:09] EDIT myapp/views/default/index.html: -2
[2019-05-20 11:13:22] EDIT myapp/views/default/index.html: 0
[2019-05-20 11:13:57] EDIT myapp/views/default/index.html: 3
[2019-05-20 11:14:20] EDIT myapp/views/default/index.html: 2
[2019-05-20 11:14:35] EDIT myapp/views/default/index.html: 0
[2019-05-20 11:14:52] EDIT myapp/views/default/index.html: 2
[2019-05-20 11:15:12] EDIT myapp/views/default/index.html: -1
[2019-05-20 11:16:37] EDIT myapp/models/menu.py: -1
[2019-05-20 11:17:04] EDIT myapp/models/menu.py: -3
[2019-05-20 11:17:29] EDIT myapp/models/menu.py: 1
[2019-05-20 11:18:41] EDIT myapp/views/appadmin.html: -30
[2019-05-20 11:18:51] EDIT myapp/views/appadmin.html: 30
[2019-05-20 14:02:21] EDIT myapp/models/db.py: 20
[2019-05-20 14:02:57] EDIT myapp/models/db.py: -4
[2019-05-20 14:03:21] EDIT myapp/models/db.py: 0
[2019-05-20 14:07:28] EDIT myapp/controllers/default.py: 3
[2019-05-20 14:09:04] EDIT myapp/controllers/default.py: -3
[2019-05-20 14:10:56] EDIT myapp/views/default/index.html: 6
[2019-05-20 14:11:39] EDIT myapp/views/default/index.html: -6
[2019-05-20 14:12:59] EDIT myapp/views/default/index.html: 1
[2019-05-20 14:13:16] EDIT myapp/views/default/index.html: 0
[2019-05-20 14:14:20] CREATE default/show.html: 0
[2019-05-20 14:14:57] EDIT myapp/views/default/show.html: 13
[2019-05-20 14:15:15] EDIT myapp/views/default/index.html: 0
[2019-05-20 14:15:28] EDIT myapp/views/default/index.html: 0
[2019-05-20 14:15:51] EDIT myapp/views/default/index.html: 0
[2019-05-20 14:16:56] EDIT myapp/controllers/default.py: 13
[2019-05-20 14:17:39] EDIT myapp/controllers/default.py: 0
[2019-05-20 14:20:56] EDIT myapp/views/default/index.html: -48
[2019-05-20 14:21:45] EDIT myapp/views/default/index.html: 48
[2019-05-20 14:23:49] EDIT myapp/views/default/index.html: 0
[2019-05-20 14:23:57] EDIT myapp/controllers/default.py: -13
[2019-05-20 14:26:45] EDIT myapp/models/db.py: -1
[2019-05-20 14:27:00] EDIT myapp/models/db.py: 1
[2019-05-20 14:32:48] EDIT myapp/controllers/default.py: -3
[2019-05-20 14:32:55] EDIT myapp/controllers/default.py: 3
[2019-05-20 14:33:07] EDIT myapp/controllers/default.py: 0
[2019-05-20 14:33:10] EDIT myapp/controllers/default.py: 0
[2019-05-20 14:33:38] EDIT myapp/views/default/index.html: 0
[2019-05-20 14:34:24] EDIT myapp/controllers/default.py: 0
[2019-05-20 14:35:29] EDIT myapp/controllers/default.py: 13
[2019-05-20 14:35:37] EDIT myapp/controllers/default.py: 0
[2019-05-20 14:36:05] EDIT myapp/views/default/index.html: 0
[2019-05-20 14:36:06] EDIT myapp/views/default/index.html: 0
[2019-05-20 14:36:31] CREATE default/look.html: 0
[2019-05-20 14:36:46] EDIT myapp/views/default/index.html: 0
[2019-05-20 14:37:26] EDIT myapp/views/default/look.html: 0
[2019-05-20 14:39:25] EDIT myapp/views/default/look.html: 13
[2019-05-20 14:40:50] EDIT myapp/views/default/look.html: -9
[2019-05-20 14:41:21] EDIT myapp/views/default/look.html: 0
[2019-05-20 14:42:17] EDIT myapp/views/default/show.html: 0
[2019-05-20 14:46:09] EDIT myapp/controllers/default.py: 0
[2019-05-20 14:46:43] EDIT myapp/controllers/default.py: 0
[2019-05-20 14:46:44] EDIT myapp/controllers/default.py: 0
[2019-05-20 14:51:27] EDIT myapp/views/default/show.html: -10
[2019-05-20 14:51:43] EDIT myapp/views/default/show.html: -5
[2019-05-20 14:52:02] EDIT myapp/views/default/show.html: 15
[2019-05-20 14:52:38] EDIT myapp/views/default/look.html: 0
[2019-05-20 14:53:41] EDIT myapp/views/default/look.html: 0
[2019-05-20 14:56:51] EDIT myapp/controllers/default.py: 0
[2019-05-20 14:58:04] EDIT myapp/controllers/default.py: 0
[2019-05-20 14:59:25] EDIT myapp/controllers/default.py: 0
[2019-05-20 15:02:14] EDIT myapp/views/default/show.html: 0
[2019-05-20 15:04:40] EDIT myapp/controllers/default.py: 0
[2019-05-20 15:05:11] EDIT myapp/controllers/default.py: 0
[2019-05-20 15:07:08] EDIT myapp/controllers/default.py: 0
[2019-05-20 15:07:26] EDIT myapp/controllers/default.py: 0
[2019-05-20 15:08:47] EDIT myapp/views/default/show.html: 0
[2019-05-20 15:09:59] EDIT myapp/views/default/look.html: 4
[2019-05-20 15:14:06] EDIT myapp/views/default/show.html: 0
[2019-05-20 15:14:08] EDIT myapp/views/default/show.html: 0
[2019-05-20 15:14:50] EDIT myapp/views/default/show.html: 0
[2019-05-20 15:14:54] EDIT myapp/views/default/show.html: 0
[2019-05-20 15:15:54] EDIT myapp/views/layout.html: 0
[2019-05-20 15:17:18] EDIT myapp/views/default/show.html: 0
[2019-05-20 15:17:38] EDIT myapp/views/default/show.html: 0
[2019-05-20 15:17:51] EDIT myapp/views/default/show.html: 0
[2019-05-20 15:18:22] EDIT myapp/views/default/show.html: 0
[2019-05-20 15:19:15] EDIT myapp/views/default/show.html: 0
[2019-05-20 15:19:31] EDIT myapp/views/default/show.html: 0
[2019-05-20 15:19:36] EDIT myapp/views/default/show.html: 0
[2019-05-20 15:19:48] EDIT myapp/views/default/show.html: 0
[2019-05-20 15:20:02] EDIT myapp/views/default/show.html: 0
[2019-05-20 15:20:31] EDIT myapp/views/default/show.html: 0
[2019-05-20 15:20:59] EDIT myapp/views/default/show.html: 0
[2019-05-20 15:21:17] EDIT myapp/views/default/show.html: 2
[2019-05-20 15:21:30] EDIT myapp/views/default/show.html: -2
[2019-05-20 15:21:46] EDIT myapp/views/default/show.html: 0
[2019-05-20 15:24:27] EDIT myapp/views/default/index.html: 0
[2019-05-20 15:24:44] EDIT myapp/views/default/index.html: 0
[2019-05-20 15:25:05] EDIT myapp/views/default/index.html: 0
[2019-05-20 15:25:22] EDIT myapp/views/default/index.html: 0
[2019-05-20 15:26:15] EDIT myapp/views/default/index.html: 0
[2019-05-20 15:27:05] EDIT myapp/views/default/index.html: 0
[2019-05-20 15:27:14] EDIT myapp/views/default/index.html: 0
[2019-05-20 15:27:34] EDIT myapp/views/default/index.html: 0
[2019-05-20 15:27:45] EDIT myapp/views/default/index.html: 0
[2019-05-20 15:28:10] EDIT myapp/views/default/index.html: 0
[2019-05-20 15:28:13] EDIT myapp/views/default/index.html: 0
[2019-05-20 15:28:25] EDIT myapp/views/default/index.html: 0
[2019-05-20 15:28:54] EDIT myapp/views/default/index.html: 0
[2019-05-20 15:29:22] EDIT myapp/views/default/index.html: 0
[2019-05-20 15:29:32] EDIT myapp/views/default/index.html: 0
[2019-05-20 15:29:58] EDIT myapp/views/default/index.html: 0
[2019-05-20 15:30:07] EDIT myapp/views/default/index.html: 0
[2019-05-20 15:30:25] EDIT myapp/views/default/index.html: -1
[2019-05-20 15:30:49] EDIT myapp/views/default/index.html: 3
[2019-05-20 15:31:08] EDIT myapp/controllers/default.py: 0
[2019-05-20 15:33:20] EDIT myapp/models/menu.py: -1
[2019-05-20 15:33:34] EDIT myapp/views/default/index.html: 2
[2019-05-20 15:34:39] EDIT myapp/views/default/show.html: 4
[2019-05-20 15:41:09] EDIT myapp/views/default/index.html: 1
[2019-05-20 15:43:22] EDIT myapp/views/default/index.html: 0
[2019-05-20 15:43:53] EDIT myapp/views/default/index.html: 0
[2019-05-20 15:45:16] EDIT myapp/views/default/index.html: 0
[2019-05-20 15:45:37] EDIT myapp/views/default/index.html: 0
[2019-05-20 15:46:14] EDIT myapp/views/default/index.html: 0
[2019-05-20 15:46:48] EDIT myapp/views/default/index.html: 0
[2019-05-20 15:47:09] EDIT myapp/views/default/index.html: 0
[2019-05-20 16:04:27] EDIT myapp/models/db.py: -1
[2019-05-20 16:04:39] EDIT myapp/models/db.py: 1
[2019-05-20 16:08:05] CREATE default/upload.html: 0
[2019-05-20 16:08:33] EDIT myapp/views/default/upload.html: 3
[2019-05-20 16:08:53] EDIT myapp/controllers/default.py: 2
[2019-05-20 16:09:39] EDIT myapp/controllers/default.py: 4
[2019-05-20 16:09:52] EDIT myapp/controllers/default.py: 0
[2019-05-20 16:09:57] EDIT myapp/controllers/default.py: 0
[2019-05-20 16:11:23] EDIT myapp/controllers/default.py: -1
[2019-05-20 16:11:50] EDIT myapp/views/default/index.html: 0
[2019-05-20 16:13:31] EDIT myapp/views/default/index.html: 0
[2019-05-20 16:14:32] EDIT myapp/controllers/default.py: 4
[2019-05-20 16:14:38] EDIT myapp/controllers/default.py: 0
[2019-05-20 16:15:36] EDIT myapp/models/db.py: 2
[2019-05-20 16:16:30] EDIT myapp/models/db.py: 0
[2019-05-20 16:17:56] EDIT myapp/models/db.py: 1
[2019-05-20 16:18:57] EDIT myapp/controllers/default.py: 0
[2019-05-20 16:19:45] EDIT myapp/views/appadmin.html: 16
[2019-05-20 16:20:13] EDIT myapp/views/appadmin.html: -16
[2019-05-20 16:20:55] EDIT myapp/models/db.py: 0
[2019-05-20 16:23:50] EDIT myapp/views/appadmin.html: 33
[2019-05-20 16:24:34] EDIT myapp/views/appadmin.html: 0
[2019-05-20 16:25:02] EDIT myapp/views/appadmin.html: 0
[2019-05-20 16:25:14] EDIT myapp/views/appadmin.html: 0
[2019-05-20 16:26:07] EDIT myapp/views/appadmin.html: -1
[2019-05-20 16:26:37] EDIT myapp/views/appadmin.html: -1
[2019-05-20 16:27:36] EDIT myapp/views/appadmin.html: 2
[2019-05-20 16:28:12] EDIT myapp/views/appadmin.html: -2
[2019-05-20 16:29:18] EDIT myapp/views/appadmin.html: 0
[2019-05-20 16:29:31] EDIT myapp/views/appadmin.html: 0
[2019-05-20 16:29:38] EDIT myapp/views/appadmin.html: 0
[2019-05-20 16:29:40] EDIT myapp/views/appadmin.html: 0
[2019-05-20 16:29:42] EDIT myapp/views/appadmin.html: 0
[2019-05-20 16:31:55] EDIT myapp/views/default/index.html: 4
[2019-05-20 16:32:02] EDIT myapp/views/default/index.html: 0
[2019-05-20 16:32:11] EDIT myapp/views/default/index.html: 0
[2019-05-20 16:32:37] EDIT myapp/views/default/index.html: 0
[2019-05-20 16:32:40] EDIT myapp/views/default/index.html: 0
[2019-05-20 16:33:15] EDIT myapp/views/default/index.html: 0
[2019-05-20 16:35:30] EDIT myapp/models/db.py: 0
[2019-05-20 16:35:59] EDIT myapp/models/db.py: 0
[2019-05-20 16:36:41] EDIT myapp/models/db.py: 0
[2019-05-20 16:36:43] EDIT myapp/models/db.py: 0
[2019-05-20 16:38:30] EDIT myapp/views/appadmin.html: 0
[2019-05-20 16:38:34] EDIT myapp/views/appadmin.html: 0
[2019-05-20 16:38:59] EDIT myapp/views/appadmin.html: 0
[2019-05-20 16:40:26] EDIT myapp/views/appadmin.html: 0
[2019-05-20 16:40:47] EDIT myapp/views/appadmin.html: 0
[2019-05-20 16:41:19] EDIT myapp/views/appadmin.html: 0
[2019-05-20 16:41:52] EDIT myapp/views/appadmin.html: 0
[2019-05-20 16:42:55] EDIT myapp/views/appadmin.html: -3
[2019-05-20 16:46:29] EDIT myapp/views/appadmin.html: -8
[2019-05-20 16:48:38] EDIT myapp/views/appadmin.html: 13
[2019-05-20 16:49:22] EDIT myapp/models/db.py: 0
[2019-05-20 16:51:35] EDIT myapp/views/appadmin.html: -6
[2019-05-20 16:52:09] EDIT myapp/controllers/default.py: -1
[2019-05-20 16:52:55] EDIT myapp/views/default/index.html: 0
[2019-05-20 16:53:52] EDIT myapp/controllers/default.py: -3
[2019-05-20 16:54:12] EDIT myapp/controllers/default.py: -3
[2019-05-20 16:54:54] EDIT myapp/controllers/default.py: 4
[2019-05-20 16:55:25] EDIT myapp/controllers/default.py: 2
[2019-05-20 16:55:36] EDIT myapp/controllers/default.py: -2
[2019-05-20 16:57:31] EDIT myapp/views/default/upload.html: 3
[2019-05-20 16:57:38] EDIT myapp/views/default/upload.html: 0
[2019-05-20 16:59:36] EDIT myapp/controllers/default.py: 0
[2019-05-20 17:00:16] EDIT myapp/views/default/upload.html: 0
[2019-05-20 17:00:37] EDIT myapp/views/default/upload.html: 0
[2019-05-20 18:25:09] EDIT myapp/views/default/upload.html: 2
[2019-05-20 18:25:17] EDIT myapp/views/default/upload.html: -2
[2019-05-20 18:26:13] EDIT myapp/views/default/look.html: 2
[2019-05-20 18:26:51] EDIT myapp/views/default/look.html: 2
[2019-05-20 18:30:41] EDIT myapp/views/default/look.html: -1
[2019-05-20 18:30:56] EDIT myapp/views/default/look.html: -1
[2019-05-20 18:31:28] EDIT myapp/views/default/look.html: 1
[2019-05-20 18:32:32] EDIT myapp/models/db.py: 1
[2019-05-20 18:32:50] EDIT myapp/models/db.py: 0
[2019-05-20 18:34:35] EDIT myapp/models/db.py: 0
[2019-05-20 18:34:38] EDIT myapp/models/db.py: 0
[2019-05-20 18:34:41] EDIT myapp/models/db.py: 0
[2019-05-20 18:35:20] EDIT myapp/models/db.py: 0
[2019-05-20 19:04:53] EDIT myapp/views/default/show.html: 1
[2019-05-20 19:05:18] EDIT myapp/views/default/show.html: 0
[2019-05-20 19:05:31] EDIT myapp/views/default/show.html: 0
[2019-05-20 19:05:51] EDIT myapp/views/default/show.html: 0
[2019-05-20 19:07:14] EDIT myapp/models/db.py: 1
[2019-05-20 19:07:36] EDIT myapp/models/db.py: 0
[2019-05-20 19:08:12] EDIT myapp/controllers/default.py: 1
[2019-05-20 19:08:58] EDIT myapp/controllers/default.py: 0
[2019-05-20 19:10:49] EDIT myapp/views/default/show.html: 0
[2019-05-20 19:11:28] EDIT myapp/views/default/show.html: 0
[2019-05-20 19:15:48] EDIT myapp/controllers/default.py: 1
[2019-05-20 19:19:09] EDIT myapp/controllers/default.py: 0
